0 info it worked if it ends with ok
1 verbose cli [ 'C:\\WebRetraite\\Node\\node.exe',
1 verbose cli   'C:\\WebRetraite\\Node\\node_modules\\npm\\bin\\npm-cli.js',
1 verbose cli   'start' ]
2 info using npm@3.8.6
3 info using node@v4.4.1
4 verbose run-script [ 'prestart', 'start', 'poststart' ]
5 info lifecycle WineCellar@1.0.0~prestart: WineCellar@1.0.0
6 silly lifecycle WineCellar@1.0.0~prestart: no script for prestart, continuing
7 info lifecycle WineCellar@1.0.0~start: WineCellar@1.0.0
8 verbose lifecycle WineCellar@1.0.0~start: unsafe-perm in lifecycle true
9 verbose lifecycle WineCellar@1.0.0~start: PATH: C:\WebRetraite\Node\node_modules\npm\bin\node-gyp-bin;C:\Users\PB19258\Documents\Personnel\Code\wine-cellar\node_modules\.bin;C:\WebRetraite\Node;C:\Users\PB19258\Documents\MyPrograms\PortableApps\CmderPortable\App\Cmder\bin;C:\Users\PB19258\Documents\MyPrograms\PortableApps\CmderPortable\App\Cmder\vendor\conemu-maximus5\ConEmu\Scripts;C:\Users\PB19258\Documents\MyPrograms\PortableApps\CmderPortable\App\Cmder\vendor\conemu-maximus5;C:\Users\PB19258\Documents\MyPrograms\PortableApps\CmderPortable\App\Cmder\vendor\conemu-maximus5\ConEmu;C:\Users\PB19258\Documents\MyPrograms\PortableApps\Maven\bin;C:\Users\PB19258\Documents\MyPrograms\PortableApps\CommonFiles\Java64\\bin;C:\Users\PB19258\Documents\MyPrograms\PortableApps\Ant\bin;C:\WebRetraite\Node;C:\Users\PB19258\Documents\MyPrograms\PortableApps\GitPortable\App\Git\bin;C:\Users\PB19258\Documents\MyPrograms\PortableApps\Python;C:\Users\PB19258\Documents\MyPrograms\PortableApps\MongoDBPortable;C:\ProgramData\Oracle\Java\javapath;C:\Users\PB19258\Documents\MyPrograms\PortableApps\CommonFiles\Java64\bin;C:\Program Files (x86)\Nice Systems\NICE Player Codec Pack\;C:\windows\system32;C:\windows;C:\windows\System32\Wbem;C:\windows\System32\WindowsPowerShell\v1.0\;C:\Program Files (x86)\NICE Systems\NICE Player Release 3\;C:\Program Files\TortoiseSVN\bin;C:\Users\PB19258\Documents\MyPrograms\PortableApps\Maven\bin;C:\Users\PB19258\Documents\MyPrograms\PortableApps\Ant\bin;C:\Program Files\TortoiseSVN\bin;C:\Users\PB19258\Documents\MyPrograms\PortableApps\CommonFiles\Java64\bin;C:\WebRetraite\Node;C:\Users\PB19258\Documents\MyPrograms\PortableApps\GitPortable\App\Git\usr\bin;C:\Users\PB19258\Documents\MyPrograms\PortableApps\GitPortable\App\Git\usr\share\vim\vim74;C:\Users\PB19258\Documents\MyPrograms\PortableApps\CmderPortable\App\Cmder\
10 verbose lifecycle WineCellar@1.0.0~start: CWD: C:\Users\PB19258\Documents\Personnel\Code\wine-cellar
11 silly lifecycle WineCellar@1.0.0~start: Args: [ '/d /s /c', 'supervisor --watch ./server ./server/server.js' ]
12 silly lifecycle WineCellar@1.0.0~start: Returned: code: 1  signal: null
13 info lifecycle WineCellar@1.0.0~start: Failed to exec start script
14 verbose stack Error: WineCellar@1.0.0 start: `supervisor --watch ./server ./server/server.js`
14 verbose stack Exit status 1
14 verbose stack     at EventEmitter.<anonymous> (C:\WebRetraite\Node\node_modules\npm\lib\utils\lifecycle.js:239:16)
14 verbose stack     at emitTwo (events.js:87:13)
14 verbose stack     at EventEmitter.emit (events.js:172:7)
14 verbose stack     at ChildProcess.<anonymous> (C:\WebRetraite\Node\node_modules\npm\lib\utils\spawn.js:24:14)
14 verbose stack     at emitTwo (events.js:87:13)
14 verbose stack     at ChildProcess.emit (events.js:172:7)
14 verbose stack     at maybeClose (internal/child_process.js:827:16)
14 verbose stack     at Process.ChildProcess._handle.onexit (internal/child_process.js:211:5)
15 verbose pkgid WineCellar@1.0.0
16 verbose cwd C:\Users\PB19258\Documents\Personnel\Code\wine-cellar
17 error Windows_NT 6.1.7601
18 error argv "C:\\WebRetraite\\Node\\node.exe" "C:\\WebRetraite\\Node\\node_modules\\npm\\bin\\npm-cli.js" "start"
19 error node v4.4.1
20 error npm  v3.8.6
21 error code ELIFECYCLE
22 error WineCellar@1.0.0 start: `supervisor --watch ./server ./server/server.js`
22 error Exit status 1
23 error Failed at the WineCellar@1.0.0 start script 'supervisor --watch ./server ./server/server.js'.
23 error Make sure you have the latest version of node.js and npm installed.
23 error If you do, this is most likely a problem with the WineCellar package,
23 error not with npm itself.
23 error Tell the author that this fails on your system:
23 error     supervisor --watch ./server ./server/server.js
23 error You can get information on how to open an issue for this project with:
23 error     npm bugs WineCellar
23 error Or if that isn't available, you can get their info via:
23 error     npm owner ls WineCellar
23 error There is likely additional logging output above.
24 verbose exit [ 1, true ]
